<?xml version="1.0" encoding="UTF-8"?>
<testng-results ignored="0" total="3" passed="3" failed="0" skipped="0">
  <reporter-output>
  </reporter-output>
  <suite started-at="2024-04-12T18:17:24 IST" name="Default suite" finished-at="2024-04-12T18:20:10 IST" duration-ms="166021">
    <groups>
    </groups>
    <test started-at="2024-04-12T18:17:24 IST" name="Default test" finished-at="2024-04-12T18:20:10 IST" duration-ms="166021">
      <class name="pkg.Tech">
        <test-method signature="TestApp()[pri:0, instance:pkg.Tech@f6efaab]" started-at="2024-04-12T18:17:24 IST" name="TestApp" finished-at="2024-04-12T18:18:05 IST" duration-ms="40534" status="PASS">
          <reporter-output>
          </reporter-output>
        </test-method> <!-- TestApp -->
        <test-method signature="FindCountry()[pri:1, instance:pkg.Tech@f6efaab]" started-at="2024-04-12T18:18:05 IST" name="FindCountry" finished-at="2024-04-12T18:19:08 IST" duration-ms="63409" status="PASS">
          <reporter-output>
          </reporter-output>
        </test-method> <!-- FindCountry -->
        <test-method signature="oddRow()[pri:2, instance:pkg.Tech@f6efaab]" started-at="2024-04-12T18:19:08 IST" name="oddRow" finished-at="2024-04-12T18:20:10 IST" duration-ms="62001" status="PASS">
          <reporter-output>
          </reporter-output>
        </test-method> <!-- oddRow -->
      </class> <!-- pkg.Tech -->
    </test> <!-- Default test -->
  </suite> <!-- Default suite -->
</testng-results>
